<html>
<body>
<pre>
<h1>Vision Build Log</h1>
<h2>Project:</h2>
D:\CAN 数据解析\CAN_flyaudiov3.0\Keil\can_simple_tx_rx.uvproj
Project File Date:  09/22/2018

<h2>Output:</h2>
Build target 'LPC1700 FLASH'
linking...
Program Size: Code=14084 RO-data=252 RW-data=372 ZI-data=544  
FromELF: creating hex file...
".\Flash\can_simple_tx_rx.axf" - 0 Errors, 0 Warning(s).
Build target 'LPC1700 FLASH'
linking...
Program Size: Code=14084 RO-data=252 RW-data=372 ZI-data=544  
FromELF: creating hex file...
".\Flash\can_simple_tx_rx.axf" - 0 Errors, 0 Warning(s).
Build target 'LPC1700 FLASH'
linking...
Program Size: Code=14084 RO-data=252 RW-data=372 ZI-data=544  
FromELF: creating hex file...
".\Flash\can_simple_tx_rx.axf" - 0 Errors, 0 Warning(s).
Build target 'LPC1700 FLASH'
linking...
Program Size: Code=14084 RO-data=252 RW-data=372 ZI-data=544  
FromELF: creating hex file...
".\Flash\can_simple_tx_rx.axf" - 0 Errors, 0 Warning(s).
Build target 'LPC1700 FLASH'
linking...
Program Size: Code=14084 RO-data=252 RW-data=372 ZI-data=544  
FromELF: creating hex file...
".\Flash\can_simple_tx_rx.axf" - 0 Errors, 0 Warning(s).
Rebuild target 'LPC1700 FLASH'
assembling startup_LPC17xx.s...
compiling system_LPC17xx.c...
compiling debug_frmwrk.c...
compiling lpc17xx_can.c...
compiling lpc17xx_clkpwr.c...
compiling lpc17xx_exti.c...
compiling lpc17xx_pinsel.c...
compiling lpc17xx_uart.c...
compiling can_simple_tx_rx.c...
compiling main.c...
linking...
Program Size: Code=14084 RO-data=252 RW-data=372 ZI-data=544  
FromELF: creating hex file...
".\Flash\can_simple_tx_rx.axf" - 0 Errors, 0 Warning(s).
Load "D:\\CAN 数据解析\\CAN_flyaudiov3.0\\Keil\\Flash\\can_simple_tx_rx.axf" 
Build target 'LPC1700 FLASH'
linking...
Program Size: Code=14084 RO-data=252 RW-data=372 ZI-data=544  
FromELF: creating hex file...
".\Flash\can_simple_tx_rx.axf" - 0 Errors, 0 Warning(s).
Load "D:\\CAN 数据解析\\CAN_flyaudiov3.0\\Keil\\Flash\\can_simple_tx_rx.axf" 
Erase Done.
Programming Done.
Verify OK.
Build target 'LPC1700 FLASH'
linking...
Program Size: Code=14084 RO-data=252 RW-data=372 ZI-data=544  
FromELF: creating hex file...
".\Flash\can_simple_tx_rx.axf" - 0 Errors, 0 Warning(s).
Build target 'LPC1700 FLASH'
compiling debug_frmwrk.c...
..\Drivers\include\debug_frmwrk.h(31): error:  #37: the #endif for this directive is missing
..\Drivers\source\debug_frmwrk.c(303): error:  #20: identifier "DEBUG_UART_PORT" is undefined
..\Drivers\source\debug_frmwrk.c(262): warning:  #177-D: variable "PinCfg" was declared but never referenced
compiling can_simple_tx_rx.c...
..\Drivers\include\debug_frmwrk.h(31): error:  #37: the #endif for this directive is missing
..\can_simple_txrx\can_simple_tx_rx.c(26): warning:  #223-D: function "_DBG_" declared implicitly
..\can_simple_txrx\can_simple_tx_rx.c(51): warning:  #223-D: function "_DBG" declared implicitly
..\can_simple_txrx\can_simple_tx_rx.c(53): warning:  #223-D: function "_DBH32" declared implicitly
..\can_simple_txrx\can_simple_tx_rx.c(53): warning:  #223-D: function "_DBG_" declared implicitly
compiling main.c...
..\Drivers\include\debug_frmwrk.h(31): error:  #37: the #endif for this directive is missing
..\Main\main.c(16): warning:  #223-D: function "debug_frmwrk_init" declared implicitly
..\Main\main.c(33): warning:  #223-D: function "_DBG_" declared implicitly
".\Flash\can_simple_tx_rx.axf" - 4 Errors, 7 Warning(s).
Target not created
Build target 'LPC1700 FLASH'
compiling debug_frmwrk.c...
..\Drivers\include\debug_frmwrk.h(31): error:  #37: the #endif for this directive is missing
..\Drivers\source\debug_frmwrk.c(303): error:  #20: identifier "DEBUG_UART_PORT" is undefined
..\Drivers\source\debug_frmwrk.c(262): warning:  #177-D: variable "PinCfg" was declared but never referenced
compiling can_simple_tx_rx.c...
..\Drivers\include\debug_frmwrk.h(31): error:  #37: the #endif for this directive is missing
..\can_simple_txrx\can_simple_tx_rx.c(26): warning:  #223-D: function "_DBG_" declared implicitly
..\can_simple_txrx\can_simple_tx_rx.c(51): warning:  #223-D: function "_DBG" declared implicitly
..\can_simple_txrx\can_simple_tx_rx.c(53): warning:  #223-D: function "_DBH32" declared implicitly
..\can_simple_txrx\can_simple_tx_rx.c(53): warning:  #223-D: function "_DBG_" declared implicitly
compiling main.c...
..\Drivers\include\debug_frmwrk.h(31): error:  #37: the #endif for this directive is missing
..\Main\main.c(16): warning:  #223-D: function "debug_frmwrk_init" declared implicitly
..\Main\main.c(33): warning:  #223-D: function "_DBG_" declared implicitly
".\Flash\can_simple_tx_rx.axf" - 4 Errors, 7 Warning(s).
Target not created
Rebuild target 'LPC1700 FLASH'
assembling startup_LPC17xx.s...
compiling system_LPC17xx.c...
compiling debug_frmwrk.c...
..\Drivers\include\debug_frmwrk.h(31): error:  #37: the #endif for this directive is missing
..\Drivers\source\debug_frmwrk.c(303): error:  #20: identifier "DEBUG_UART_PORT" is undefined
..\Drivers\source\debug_frmwrk.c(262): warning:  #177-D: variable "PinCfg" was declared but never referenced
compiling lpc17xx_can.c...
compiling lpc17xx_clkpwr.c...
compiling lpc17xx_exti.c...
compiling lpc17xx_pinsel.c...
compiling lpc17xx_uart.c...
compiling can_simple_tx_rx.c...
..\Drivers\include\debug_frmwrk.h(31): error:  #37: the #endif for this directive is missing
..\can_simple_txrx\can_simple_tx_rx.c(26): warning:  #223-D: function "_DBG_" declared implicitly
..\can_simple_txrx\can_simple_tx_rx.c(51): warning:  #223-D: function "_DBG" declared implicitly
..\can_simple_txrx\can_simple_tx_rx.c(53): warning:  #223-D: function "_DBH32" declared implicitly
..\can_simple_txrx\can_simple_tx_rx.c(53): warning:  #223-D: function "_DBG_" declared implicitly
compiling main.c...
..\Drivers\include\debug_frmwrk.h(31): error:  #37: the #endif for this directive is missing
..\Main\main.c(16): warning:  #223-D: function "debug_frmwrk_init" declared implicitly
..\Main\main.c(33): warning:  #223-D: function "_DBG_" declared implicitly
".\Flash\can_simple_tx_rx.axf" - 4 Errors, 7 Warning(s).
Target not created
Build target 'LPC1700 FLASH'
compiling debug_frmwrk.c...
..\Drivers\source\debug_frmwrk.c(262): warning:  #177-D: variable "PinCfg" was declared but never referenced
compiling can_simple_tx_rx.c...
compiling main.c...
linking...
Program Size: Code=14040 RO-data=252 RW-data=372 ZI-data=544  
FromELF: creating hex file...
".\Flash\can_simple_tx_rx.axf" - 0 Errors, 1 Warning(s).
Build target 'LPC1700 FLASH'
compiling debug_frmwrk.c...
linking...
Program Size: Code=14080 RO-data=252 RW-data=372 ZI-data=544  
FromELF: creating hex file...
".\Flash\can_simple_tx_rx.axf" - 0 Errors, 0 Warning(s).
Build target 'LPC1700 FLASH'
compiling debug_frmwrk.c...
linking...
Program Size: Code=14080 RO-data=252 RW-data=372 ZI-data=544  
FromELF: creating hex file...
".\Flash\can_simple_tx_rx.axf" - 0 Errors, 0 Warning(s).
Load "D:\\CAN 数据解析\\CAN_flyaudiov3.0\\Keil\\Flash\\can_simple_tx_rx.axf" 
Erase Done.
Programming Done.
Verify OK.
Build target 'LPC1700 FLASH'
linking...
Program Size: Code=14080 RO-data=252 RW-data=372 ZI-data=544  
FromELF: creating hex file...
".\Flash\can_simple_tx_rx.axf" - 0 Errors, 0 Warning(s).
Build target 'LPC1700 FLASH'
linking...
Program Size: Code=14080 RO-data=252 RW-data=372 ZI-data=544  
FromELF: creating hex file...
".\Flash\can_simple_tx_rx.axf" - 0 Errors, 0 Warning(s).
Build target 'LPC1700 FLASH'
linking...
Program Size: Code=14080 RO-data=252 RW-data=372 ZI-data=544  
FromELF: creating hex file...
".\Flash\can_simple_tx_rx.axf" - 0 Errors, 0 Warning(s).
Load "D:\\CAN 数据解析\\CAN_flyaudiov3.0\\Keil\\Flash\\can_simple_tx_rx.axf" 
Erase Done.
Programming Done.
Verify OK.
Build target 'LPC1700 FLASH'
compiling debug_frmwrk.c...
compiling lpc17xx_can.c...
compiling lpc17xx_exti.c...
compiling lpc17xx_uart.c...
compiling can_simple_tx_rx.c...
compiling main.c...
linking...
Program Size: Code=14368 RO-data=252 RW-data=372 ZI-data=544  
FromELF: creating hex file...
".\Flash\can_simple_tx_rx.axf" - 0 Errors, 0 Warning(s).
Build target 'LPC1700 FLASH'
linking...
Program Size: Code=14368 RO-data=252 RW-data=372 ZI-data=544  
FromELF: creating hex file...
".\Flash\can_simple_tx_rx.axf" - 0 Errors, 0 Warning(s).
Load "D:\\CAN 数据解析\\CAN_flyaudiov3.0\\Keil\\Flash\\can_simple_tx_rx.axf" 
Erase Done.
Programming Done.
Verify OK.
Build target 'LPC1700 FLASH'
compiling main.c...
..\Main\main.c(14): warning:  #177-D: variable "PinCfg" was declared but never referenced
linking...
Program Size: Code=14272 RO-data=252 RW-data=372 ZI-data=544  
FromELF: creating hex file...
".\Flash\can_simple_tx_rx.axf" - 0 Errors, 1 Warning(s).
Build target 'LPC1700 FLASH'
linking...
Program Size: Code=14272 RO-data=252 RW-data=372 ZI-data=544  
FromELF: creating hex file...
".\Flash\can_simple_tx_rx.axf" - 0 Errors, 0 Warning(s).
Load "D:\\CAN 数据解析\\CAN_flyaudiov3.0\\Keil\\Flash\\can_simple_tx_rx.axf" 
Erase Done.
Programming Done.
Verify OK.
Build target 'LPC1700 FLASH'
compiling main.c...
linking...
Program Size: Code=14376 RO-data=252 RW-data=372 ZI-data=544  
FromELF: creating hex file...
".\Flash\can_simple_tx_rx.axf" - 0 Errors, 0 Warning(s).
Build target 'LPC1700 FLASH'
linking...
Program Size: Code=14376 RO-data=252 RW-data=372 ZI-data=544  
FromELF: creating hex file...
".\Flash\can_simple_tx_rx.axf" - 0 Errors, 0 Warning(s).
Load "D:\\CAN 数据解析\\CAN_flyaudiov3.0\\Keil\\Flash\\can_simple_tx_rx.axf" 
Erase Done.
Programming Done.
Verify OK.
Build target 'LPC1700 FLASH'
assembling startup_LPC17xx.s...
compiling system_LPC17xx.c...
compiling debug_frmwrk.c...
compiling lpc17xx_can.c...
compiling lpc17xx_clkpwr.c...
compiling lpc17xx_exti.c...
compiling lpc17xx_pinsel.c...
compiling lpc17xx_uart.c...
compiling can_simple_tx_rx.c...
compiling main.c...
linking...
Program Size: Code=14380 RO-data=252 RW-data=372 ZI-data=544  
FromELF: creating hex file...
".\Flash\can_simple_tx_rx.axf" - 0 Errors, 0 Warning(s).
Load "D:\\CAN 数据解析\\CAN_flyaudiov3.0\\Keil\\Flash\\can_simple_tx_rx.axf" 
Erase Done.
Programming Done.
Verify OK.
Build target 'LPC1700 FLASH'
compiling main.c...
..\Main\main.c(50): error:  #167: argument of type "char *" is incompatible with parameter of type "uint8_t"
".\Flash\can_simple_tx_rx.axf" - 1 Errors, 0 Warning(s).
Target not created
Build target 'LPC1700 FLASH'
compiling main.c...
linking...
Program Size: Code=14380 RO-data=252 RW-data=372 ZI-data=544  
FromELF: creating hex file...
".\Flash\can_simple_tx_rx.axf" - 0 Errors, 0 Warning(s).
Build target 'LPC1700 FLASH'
compiling main.c...
linking...
Program Size: Code=14380 RO-data=252 RW-data=372 ZI-data=544  
FromELF: creating hex file...
".\Flash\can_simple_tx_rx.axf" - 0 Errors, 0 Warning(s).
Load "D:\\CAN 数据解析\\CAN_flyaudiov3.0\\Keil\\Flash\\can_simple_tx_rx.axf" 
Erase Done.
Programming Done.
Verify OK.
Build target 'LPC1700 FLASH'
compiling main.c...
..\Main\main.c(50): warning:  #188-D: enumerated type mixed with another type
linking...
Program Size: Code=14412 RO-data=252 RW-data=372 ZI-data=544  
FromELF: creating hex file...
".\Flash\can_simple_tx_rx.axf" - 0 Errors, 1 Warning(s).
Build target 'LPC1700 FLASH'
linking...
Program Size: Code=14412 RO-data=252 RW-data=372 ZI-data=544  
FromELF: creating hex file...
".\Flash\can_simple_tx_rx.axf" - 0 Errors, 0 Warning(s).
Build target 'LPC1700 FLASH'
compiling main.c...
..\Main\main.c(50): warning:  #188-D: enumerated type mixed with another type
..\Main\main.c(14): warning:  #177-D: variable "PinCfg" was declared but never referenced
linking...
Program Size: Code=14288 RO-data=252 RW-data=372 ZI-data=544  
FromELF: creating hex file...
".\Flash\can_simple_tx_rx.axf" - 0 Errors, 2 Warning(s).
Build target 'LPC1700 FLASH'
linking...
Program Size: Code=14288 RO-data=252 RW-data=372 ZI-data=544  
FromELF: creating hex file...
".\Flash\can_simple_tx_rx.axf" - 0 Errors, 0 Warning(s).
Load "D:\\CAN 数据解析\\CAN_flyaudiov3.0\\Keil\\Flash\\can_simple_tx_rx.axf" 
Erase Done.
Programming Done.
Verify OK.
Build target 'LPC1700 FLASH'
compiling debug_frmwrk.c...
compiling lpc17xx_can.c...
compiling lpc17xx_exti.c...
compiling lpc17xx_uart.c...
compiling can_simple_tx_rx.c...
compiling main.c...
..\Main\main.c(50): warning:  #188-D: enumerated type mixed with another type
..\Main\main.c(14): warning:  #177-D: variable "PinCfg" was declared but never referenced
linking...
.\Flash\can_simple_tx_rx.axf: Error: L6218E: Undefined symbol CAN_IntGetStatus (referred from can_simple_tx_rx.o).
.\Flash\can_simple_tx_rx.axf: Error: L6218E: Undefined symbol CAN_LoadExplicitEntry (referred from can_simple_tx_rx.o).
.\Flash\can_simple_tx_rx.axf: Error: L6218E: Undefined symbol CAN_ReceiveMsg (referred from can_simple_tx_rx.o).
".\Flash\can_simple_tx_rx.axf" - 3 Errors, 2 Warning(s).
Target not created
Build target 'LPC1700 FLASH'
compiling debug_frmwrk.c...
compiling lpc17xx_can.c...
compiling lpc17xx_exti.c...
compiling lpc17xx_uart.c...
compiling can_simple_tx_rx.c...
compiling main.c...
..\Main\main.c(50): warning:  #188-D: enumerated type mixed with another type
..\Main\main.c(14): warning:  #177-D: variable "PinCfg" was declared but never referenced
linking...
Program Size: Code=14288 RO-data=252 RW-data=372 ZI-data=544  
FromELF: creating hex file...
".\Flash\can_simple_tx_rx.axf" - 0 Errors, 2 Warning(s).
Build target 'LPC1700 FLASH'
compiling main.c...
..\Main\main.c(14): warning:  #177-D: variable "PinCfg" was declared but never referenced
linking...
Program Size: Code=14288 RO-data=252 RW-data=372 ZI-data=544  
FromELF: creating hex file...
".\Flash\can_simple_tx_rx.axf" - 0 Errors, 1 Warning(s).
Build target 'LPC1700 FLASH'
compiling debug_frmwrk.c...
linking...
Program Size: Code=14352 RO-data=252 RW-data=372 ZI-data=544  
FromELF: creating hex file...
".\Flash\can_simple_tx_rx.axf" - 0 Errors, 0 Warning(s).
Rebuild target 'LPC1700 FLASH'
assembling startup_LPC17xx.s...
compiling system_LPC17xx.c...
compiling debug_frmwrk.c...
compiling lpc17xx_can.c...
compiling lpc17xx_clkpwr.c...
compiling lpc17xx_exti.c...
compiling lpc17xx_pinsel.c...
compiling lpc17xx_uart.c...
compiling can_simple_tx_rx.c...
compiling main.c...
..\Main\main.c(14): warning:  #177-D: variable "PinCfg" was declared but never referenced
linking...
Program Size: Code=14352 RO-data=252 RW-data=372 ZI-data=544  
FromELF: creating hex file...
".\Flash\can_simple_tx_rx.axf" - 0 Errors, 1 Warning(s).
Load "D:\\CAN 数据解析\\CAN_flyaudiov3.0\\Keil\\Flash\\can_simple_tx_rx.axf" 
Erase Done.
Programming Done.
Verify OK.
Build target 'LPC1700 FLASH'
compiling debug_frmwrk.c...
linking...
Program Size: Code=14288 RO-data=252 RW-data=372 ZI-data=544  
FromELF: creating hex file...
".\Flash\can_simple_tx_rx.axf" - 0 Errors, 0 Warning(s).
Build target 'LPC1700 FLASH'
compiling debug_frmwrk.c...
compiling lpc17xx_can.c...
compiling lpc17xx_exti.c...
compiling lpc17xx_uart.c...
compiling can_simple_tx_rx.c...
compiling main.c...
..\Main\main.c(14): warning:  #177-D: variable "PinCfg" was declared but never referenced
linking...
Program Size: Code=14260 RO-data=252 RW-data=372 ZI-data=544  
FromELF: creating hex file...
".\Flash\can_simple_tx_rx.axf" - 0 Errors, 1 Warning(s).
Load "D:\\CAN 数据解析\\CAN_flyaudiov3.0\\Keil\\Flash\\can_simple_tx_rx.axf" 
Erase Done.
Programming Done.
Verify OK.
Build target 'LPC1700 FLASH'
compiling debug_frmwrk.c...
compiling lpc17xx_can.c...
compiling lpc17xx_exti.c...
compiling lpc17xx_uart.c...
compiling can_simple_tx_rx.c...
compiling main.c...
..\Main\main.c(14): warning:  #177-D: variable "PinCfg" was declared but never referenced
linking...
Program Size: Code=14288 RO-data=252 RW-data=372 ZI-data=544  
FromELF: creating hex file...
".\Flash\can_simple_tx_rx.axf" - 0 Errors, 1 Warning(s).
Build target 'LPC1700 FLASH'
compiling main.c...
..\Main\main.c(14): warning:  #177-D: variable "PinCfg" was declared but never referenced
linking...
Program Size: Code=14224 RO-data=252 RW-data=372 ZI-data=544  
FromELF: creating hex file...
".\Flash\can_simple_tx_rx.axf" - 0 Errors, 1 Warning(s).
Build target 'LPC1700 FLASH'
linking...
Program Size: Code=14224 RO-data=252 RW-data=372 ZI-data=544  
FromELF: creating hex file...
".\Flash\can_simple_tx_rx.axf" - 0 Errors, 0 Warning(s).
Load "D:\\CAN 数据解析\\CAN_flyaudiov3.0\\Keil\\Flash\\can_simple_tx_rx.axf" 
Erase Done.
Programming Done.
Verify OK.
Build target 'LPC1700 FLASH'
compiling debug_frmwrk.c...
linking...
Program Size: Code=14228 RO-data=252 RW-data=372 ZI-data=544  
FromELF: creating hex file...
".\Flash\can_simple_tx_rx.axf" - 0 Errors, 0 Warning(s).
Build target 'LPC1700 FLASH'
linking...
Program Size: Code=14228 RO-data=252 RW-data=372 ZI-data=544  
FromELF: creating hex file...
".\Flash\can_simple_tx_rx.axf" - 0 Errors, 0 Warning(s).
Build target 'LPC1700 FLASH'
linking...
Program Size: Code=14228 RO-data=252 RW-data=372 ZI-data=544  
FromELF: creating hex file...
".\Flash\can_simple_tx_rx.axf" - 0 Errors, 0 Warning(s).
Build target 'LPC1700 FLASH'
linking...
Program Size: Code=14228 RO-data=252 RW-data=372 ZI-data=544  
FromELF: creating hex file...
".\Flash\can_simple_tx_rx.axf" - 0 Errors, 0 Warning(s).
Load "D:\\CAN 数据解析\\CAN_flyaudiov3.0\\Keil\\Flash\\can_simple_tx_rx.axf" 
Erase Done.
Programming Done.
Verify OK.
Build target 'LPC1700 FLASH'
compiling main.c...
linking...
Program Size: Code=14420 RO-data=252 RW-data=372 ZI-data=544  
FromELF: creating hex file...
".\Flash\can_simple_tx_rx.axf" - 0 Errors, 0 Warning(s).
Load "D:\\CAN 数据解析\\CAN_flyaudiov3.0\\Keil\\Flash\\can_simple_tx_rx.axf" 
Erase Done.
Programming Done.
Verify OK.
Build target 'LPC1700 FLASH'
compiling debug_frmwrk.c...
compiling main.c...
linking...
Program Size: Code=14416 RO-data=252 RW-data=372 ZI-data=544  
FromELF: creating hex file...
".\Flash\can_simple_tx_rx.axf" - 0 Errors, 0 Warning(s).
Load "D:\\CAN 数据解析\\CAN_flyaudiov3.0\\Keil\\Flash\\can_simple_tx_rx.axf" 
Erase Done.
Programming Done.
Verify OK.
Build target 'LPC1700 FLASH'
compiling main.c...
linking...
Program Size: Code=14372 RO-data=252 RW-data=372 ZI-data=544  
FromELF: creating hex file...
".\Flash\can_simple_tx_rx.axf" - 0 Errors, 0 Warning(s).
Build target 'LPC1700 FLASH'
compiling main.c...
linking...
Program Size: Code=14380 RO-data=252 RW-data=372 ZI-data=544  
FromELF: creating hex file...
".\Flash\can_simple_tx_rx.axf" - 0 Errors, 0 Warning(s).
Load "D:\\CAN 数据解析\\CAN_flyaudiov3.0\\Keil\\Flash\\can_simple_tx_rx.axf" 
Erase Done.
Programming Done.
Verify OK.
Build target 'LPC1700 FLASH'
compiling main.c...
linking...
Program Size: Code=14368 RO-data=252 RW-data=372 ZI-data=544  
FromELF: creating hex file...
".\Flash\can_simple_tx_rx.axf" - 0 Errors, 0 Warning(s).
Load "D:\\CAN 数据解析\\CAN_flyaudiov3.0\\Keil\\Flash\\can_simple_tx_rx.axf" 
Erase Done.
Programming Done.
Verify OK.
